0 info it worked if it ends with ok
1 verbose cli [ 'C:\\Program Files (x86)\\nodejs\\\\node.exe',
1 verbose cli   'C:\\Program Files (x86)\\nodejs\\node_modules\\npm\\bin\\npm-cli.js',
1 verbose cli   'install' ]
2 info using npm@1.4.28
3 info using node@v0.10.32
4 verbose node symlink C:\Program Files (x86)\nodejs\\node.exe
5 warn package.json protractor-tests@0.0.1 No repository field.
6 verbose readDependencies using package.json deps
7 verbose install where, deps [ 'C:\\sources\\angular3', [ 'protractor' ] ]
8 info preinstall protractor-tests@0.0.1
9 warn package.json karma-phantomjs-launcher@0.1.4 No README data
10 verbose readDependencies using package.json deps
11 verbose already installed skipping protractor@1.0.0 C:\sources\angular3
12 silly resolved []
13 info build C:\sources\angular3
14 verbose linkStuff [ false, false, false, 'C:\\sources' ]
15 info linkStuff protractor-tests@0.0.1
16 verbose linkBins protractor-tests@0.0.1
17 verbose linkMans protractor-tests@0.0.1
18 verbose rebuildBundles protractor-tests@0.0.1
19 verbose rebuildBundles [ '.bin',
19 verbose rebuildBundles   'generator-protractor',
19 verbose rebuildBundles   'karma',
19 verbose rebuildBundles   'karma-jasmine',
19 verbose rebuildBundles   'karma-phantomjs-launcher',
19 verbose rebuildBundles   'protractor',
19 verbose rebuildBundles   'yo' ]
20 verbose rebuild bundle C:\sources\angular3\node_modules\generator-protractor
21 info build C:\sources\angular3\node_modules\generator-protractor
22 info preinstall generator-protractor@0.2.0
23 verbose linkStuff [ false, false, false, 'C:\\sources\\angular3\\node_modules' ]
24 info linkStuff generator-protractor@0.2.0
25 verbose linkBins generator-protractor@0.2.0
26 verbose linkMans generator-protractor@0.2.0
27 verbose rebuildBundles generator-protractor@0.2.0
28 verbose rebuildBundles [ 'chalk', 'yeoman-generator' ]
29 info install generator-protractor@0.2.0
30 info postinstall generator-protractor@0.2.0
31 verbose rebuild bundle C:\sources\angular3\node_modules\karma
32 info build C:\sources\angular3\node_modules\karma
33 info preinstall karma@0.12.24
34 verbose linkStuff [ false, false, false, 'C:\\sources\\angular3\\node_modules' ]
35 info linkStuff karma@0.12.24
36 verbose linkBins karma@0.12.24
37 verbose link bins [ {}, 'C:\\sources\\angular3\\node_modules\\.bin', false ]
38 verbose linkMans karma@0.12.24
39 verbose rebuildBundles karma@0.12.24
40 verbose rebuildBundles [ '.bin',
40 verbose rebuildBundles   'chokidar',
40 verbose rebuildBundles   'colors',
40 verbose rebuildBundles   'connect',
40 verbose rebuildBundles   'di',
40 verbose rebuildBundles   'glob',
40 verbose rebuildBundles   'graceful-fs',
40 verbose rebuildBundles   'http-proxy',
40 verbose rebuildBundles   'lodash',
40 verbose rebuildBundles   'log4js',
40 verbose rebuildBundles   'mime',
40 verbose rebuildBundles   'minimatch',
40 verbose rebuildBundles   'optimist',
40 verbose rebuildBundles   'q',
40 verbose rebuildBundles   'rimraf',
40 verbose rebuildBundles   'socket.io',
40 verbose rebuildBundles   'source-map',
40 verbose rebuildBundles   'useragent' ]
41 info install karma@0.12.24
42 info postinstall karma@0.12.24
43 verbose rebuild bundle C:\sources\angular3\node_modules\karma-jasmine
44 info build C:\sources\angular3\node_modules\karma-jasmine
45 info preinstall karma-jasmine@0.1.5
46 verbose linkStuff [ false, false, false, 'C:\\sources\\angular3\\node_modules' ]
47 info linkStuff karma-jasmine@0.1.5
48 verbose linkBins karma-jasmine@0.1.5
49 verbose linkMans karma-jasmine@0.1.5
50 verbose rebuildBundles karma-jasmine@0.1.5
51 info install karma-jasmine@0.1.5
52 info postinstall karma-jasmine@0.1.5
53 verbose rebuild bundle C:\sources\angular3\node_modules\karma-phantomjs-launcher
54 info build C:\sources\angular3\node_modules\karma-phantomjs-launcher
55 info preinstall karma-phantomjs-launcher@0.1.4
56 verbose linkStuff [ false, false, false, 'C:\\sources\\angular3\\node_modules' ]
57 info linkStuff karma-phantomjs-launcher@0.1.4
58 verbose linkBins karma-phantomjs-launcher@0.1.4
59 verbose linkMans karma-phantomjs-launcher@0.1.4
60 verbose rebuildBundles karma-phantomjs-launcher@0.1.4
61 verbose rebuildBundles [ '.bin', 'phantomjs' ]
62 info install karma-phantomjs-launcher@0.1.4
63 info postinstall karma-phantomjs-launcher@0.1.4
64 verbose rebuild bundle C:\sources\angular3\node_modules\yo
65 info build C:\sources\angular3\node_modules\yo
66 info preinstall yo@1.3.2
67 verbose linkStuff [ false, false, false, 'C:\\sources\\angular3\\node_modules' ]
68 info linkStuff yo@1.3.2
69 warn prefer global yo@1.3.2 should be installed with -g
70 verbose linkBins yo@1.3.2
71 verbose link bins [ { yo: 'cli.js' },
71 verbose link bins   'C:\\sources\\angular3\\node_modules\\.bin',
71 verbose link bins   false ]
72 verbose linkMans yo@1.3.2
73 verbose rebuildBundles yo@1.3.2
74 verbose rebuildBundles [ '.bin',
74 verbose rebuildBundles   'async',
74 verbose rebuildBundles   'chalk',
74 verbose rebuildBundles   'configstore',
74 verbose rebuildBundles   'findup',
74 verbose rebuildBundles   'fullname',
74 verbose rebuildBundles   'insight',
74 verbose rebuildBundles   'is-root',
74 verbose rebuildBundles   'lodash',
74 verbose rebuildBundles   'multiline',
74 verbose rebuildBundles   'nopt',
74 verbose rebuildBundles   'opn',
74 verbose rebuildBundles   'shelljs',
74 verbose rebuildBundles   'string-length',
74 verbose rebuildBundles   'sudo-block',
74 verbose rebuildBundles   'underscore.string',
74 verbose rebuildBundles   'update-notifier',
74 verbose rebuildBundles   'yeoman-character',
74 verbose rebuildBundles   'yeoman-doctor',
74 verbose rebuildBundles   'yeoman-environment',
74 verbose rebuildBundles   'yeoman-generator',
74 verbose rebuildBundles   'yosay' ]
75 info install yo@1.3.2
76 info postinstall yo@1.3.2
77 verbose unsafe-perm in lifecycle true
78 info install protractor-tests@0.0.1
79 verbose unsafe-perm in lifecycle true
80 info protractor-tests@0.0.1 Failed to exec install script
81 error protractor-tests@0.0.1 install: `./node_modules/protractor/bin/webdriver-manager update`
81 error Exit status 1
82 error Failed at the protractor-tests@0.0.1 install script.
82 error This is most likely a problem with the protractor-tests package,
82 error not with npm itself.
82 error Tell the author that this fails on your system:
82 error     ./node_modules/protractor/bin/webdriver-manager update
82 error You can get their info via:
82 error     npm owner ls protractor-tests
82 error There is likely additional logging output above.
83 error System Windows_NT 6.2.9200
84 error command "C:\\Program Files (x86)\\nodejs\\\\node.exe" "C:\\Program Files (x86)\\nodejs\\node_modules\\npm\\bin\\npm-cli.js" "install"
85 error cwd C:\sources\angular3
86 error node -v v0.10.32
87 error npm -v 1.4.28
88 error code ELIFECYCLE
89 verbose exit [ 1, true ]
